[debug] [2022-08-03T14:05:58.205Z] ----------------------------------------------------------------------
[debug] [2022-08-03T14:05:58.206Z] Command:       /opt/homebrew/Cellar/node/17.5.0/bin/node /opt/homebrew/bin/firebase init
[debug] [2022-08-03T14:05:58.206Z] CLI Version:   11.4.2
[debug] [2022-08-03T14:05:58.206Z] Platform:      darwin
[debug] [2022-08-03T14:05:58.206Z] Node Version:  v17.5.0
[debug] [2022-08-03T14:05:58.208Z] Time:          Wed Aug 03 2022 15:05:58 GMT+0100 (British Summer Time)
[debug] [2022-08-03T14:05:58.208Z] ----------------------------------------------------------------------
[debug] 
[debug] [2022-08-03T14:05:58.211Z] > command requires scopes: ["email","openid","https://www.googleapis.com/auth/cloudplatformprojects.readonly","https://www.googleapis.com/auth/firebase","https://www.googleapis.com/auth/cloud-platform"]
[debug] [2022-08-03T14:05:58.211Z] > authorizing via signed-in user (yeliu0123@gmail.com)
[info] 
     ######## #### ########  ######## ########     ###     ######  ########
     ##        ##  ##     ## ##       ##     ##  ##   ##  ##       ##
     ######    ##  ########  ######   ########  #########  ######  ######
     ##        ##  ##    ##  ##       ##     ## ##     ##       ## ##
     ##       #### ##     ## ######## ########  ##     ##  ######  ########

You're about to initialize a Firebase project in this directory:

  /Users/yeliu/IC/Individual_Project/code/SATbot2.0-main2

[info] 
=== Project Setup
[info] 
[info] First, let's associate this project directory with a Firebase project.
[info] You can create multiple project aliases by running firebase use --add, 
[info] but for now we'll just set up a default project.
[info] 
[debug] [2022-08-03T14:08:15.015Z] >>> [apiv2][query] GET https://firebase.googleapis.com/v1beta1/projects pageSize=100
[debug] [2022-08-03T14:08:15.698Z] <<< [apiv2][status] GET https://firebase.googleapis.com/v1beta1/projects 200
[debug] [2022-08-03T14:08:15.698Z] <<< [apiv2][body] GET https://firebase.googleapis.com/v1beta1/projects [omitted]
[info] i  Using project satbot-329d0 (SATbot) 
[info] 
=== Database Setup
[info] i  database: ensuring required API firebasedatabase.googleapis.com is enabled... 
[debug] [2022-08-03T14:08:51.782Z] >>> [apiv2][query] GET https://serviceusage.googleapis.com/v1/projects/satbot-329d0/services/firebasedatabase.googleapis.com [none]
[debug] [2022-08-03T14:08:52.698Z] <<< [apiv2][status] GET https://serviceusage.googleapis.com/v1/projects/satbot-329d0/services/firebasedatabase.googleapis.com 200
[debug] [2022-08-03T14:08:52.699Z] <<< [apiv2][body] GET https://serviceusage.googleapis.com/v1/projects/satbot-329d0/services/firebasedatabase.googleapis.com [omitted]
[warn] ⚠  database: missing required API firebasedatabase.googleapis.com. Enabling now... 
[debug] [2022-08-03T14:08:52.701Z] >>> [apiv2][query] POST https://serviceusage.googleapis.com/v1/projects/satbot-329d0/services/firebasedatabase.googleapis.com:enable [none]
[debug] [2022-08-03T14:08:54.038Z] <<< [apiv2][status] POST https://serviceusage.googleapis.com/v1/projects/satbot-329d0/services/firebasedatabase.googleapis.com:enable 200
[debug] [2022-08-03T14:08:54.038Z] <<< [apiv2][body] POST https://serviceusage.googleapis.com/v1/projects/satbot-329d0/services/firebasedatabase.googleapis.com:enable [omitted]
[debug] [2022-08-03T14:09:04.041Z] >>> [apiv2][query] GET https://serviceusage.googleapis.com/v1/projects/satbot-329d0/services/firebasedatabase.googleapis.com [none]
[debug] [2022-08-03T14:09:04.937Z] <<< [apiv2][status] GET https://serviceusage.googleapis.com/v1/projects/satbot-329d0/services/firebasedatabase.googleapis.com 200
[debug] [2022-08-03T14:09:04.937Z] <<< [apiv2][body] GET https://serviceusage.googleapis.com/v1/projects/satbot-329d0/services/firebasedatabase.googleapis.com [omitted]
[info] ✔  database: required API firebasedatabase.googleapis.com is enabled 
[info] 
[debug] [2022-08-03T14:09:04.943Z] >>> [apiv2][query] GET https://firebase.googleapis.com/v1beta1/projects/satbot-329d0 [none]
[debug] [2022-08-03T14:09:05.159Z] <<< [apiv2][status] GET https://firebase.googleapis.com/v1beta1/projects/satbot-329d0 200
[debug] [2022-08-03T14:09:05.159Z] <<< [apiv2][body] GET https://firebase.googleapis.com/v1beta1/projects/satbot-329d0 {"projectId":"satbot-329d0","projectNumber":"648435941673","displayName":"SATbot","name":"projects/satbot-329d0","resources":{"hostingSite":"satbot-329d0"},"state":"ACTIVE","etag":"1_8444839c-a929-4b8d-9d96-b5c8efbbf826"}
[debug] [2022-08-03T14:10:06.999Z] >>> [apiv2][query] POST https://firebasedatabase.googleapis.com/v1beta/projects/satbot-329d0/locations/europe-west1/instances databaseId=satbot-329d0-default-rtdb&validateOnly=true
[debug] [2022-08-03T14:10:06.999Z] >>> [apiv2][body] POST https://firebasedatabase.googleapis.com/v1beta/projects/satbot-329d0/locations/europe-west1/instances {"type":"default_database"}
[debug] [2022-08-03T14:10:08.017Z] <<< [apiv2][status] POST https://firebasedatabase.googleapis.com/v1beta/projects/satbot-329d0/locations/europe-west1/instances 200
[debug] [2022-08-03T14:10:08.017Z] <<< [apiv2][body] POST https://firebasedatabase.googleapis.com/v1beta/projects/satbot-329d0/locations/europe-west1/instances {"name":"projects/648435941673/locations/europe-west1/instances/satbot-329d0-default-rtdb","project":"projects/648435941673","databaseUrl":"https://satbot-329d0-default-rtdb.europe-west1.firebasedatabase.app","type":"DEFAULT_DATABASE","state":"ACTIVE"}
[debug] [2022-08-03T14:10:08.020Z] >>> [apiv2][query] POST https://firebasedatabase.googleapis.com/v1beta/projects/satbot-329d0/locations/europe-west1/instances databaseId=satbot-329d0-default-rtdb
[debug] [2022-08-03T14:10:08.020Z] >>> [apiv2][body] POST https://firebasedatabase.googleapis.com/v1beta/projects/satbot-329d0/locations/europe-west1/instances {"type":"default_database"}
[debug] [2022-08-03T14:10:08.628Z] <<< [apiv2][status] POST https://firebasedatabase.googleapis.com/v1beta/projects/satbot-329d0/locations/europe-west1/instances 200
[debug] [2022-08-03T14:10:08.629Z] <<< [apiv2][body] POST https://firebasedatabase.googleapis.com/v1beta/projects/satbot-329d0/locations/europe-west1/instances {"name":"projects/648435941673/locations/europe-west1/instances/satbot-329d0-default-rtdb","project":"projects/648435941673","databaseUrl":"https://satbot-329d0-default-rtdb.europe-west1.firebasedatabase.app","type":"DEFAULT_DATABASE","state":"ACTIVE"}
[info] 
[info] Firebase Realtime Database Security Rules allow you to define how your data should be
[info] structured and when your data can be read from and written to.
[info] 
[debug] [2022-08-03T14:15:58.173Z] >>> [apiv2][query] GET https://satbot-329d0-default-rtdb.europe-west1.firebasedatabase.app/.settings/rules.json [none]
[debug] [2022-08-03T14:15:59.403Z] <<< [apiv2][status] GET https://satbot-329d0-default-rtdb.europe-west1.firebasedatabase.app/.settings/rules.json 200
[debug] [2022-08-03T14:15:59.404Z] <<< [apiv2][body] GET https://satbot-329d0-default-rtdb.europe-west1.firebasedatabase.app/.settings/rules.json [stream]
[info] ✔  Database Rules for satbot-329d0-default-rtdb have been written to database.rules.json. 
[info] Future modifications to database.rules.json will update Realtime Database Security Rules when you run
[info] firebase deploy.
[info] 
=== Hosting Setup
[info] 
[info] Your public directory is the folder (relative to your project directory) that
[info] will contain Hosting assets to be uploaded with firebase deploy. If you
[info] have a build process for your assets, use your build's output directory.
[info] 
[info] ✔  Wrote public/404.html 
[debug] [2022-08-03T14:34:34.746Z] >>> [apiv2][query] GET https://www.gstatic.com/firebasejs/releases.json [none]
[debug] [2022-08-03T14:34:34.807Z] <<< [apiv2][status] GET https://www.gstatic.com/firebasejs/releases.json 200
[debug] [2022-08-03T14:34:34.807Z] <<< [apiv2][body] GET https://www.gstatic.com/firebasejs/releases.json {"current":{"version":"9.9.1","browserURL":"https://www.gstatic.com/firebasejs/9.9.1/firebase.js","packageURL":"https://www.gstatic.com/firebasejs/9.9.1/firebase.tgz"},"live":{"version":"9.9","browserURL":"https://www.gstatic.com/firebasejs/live/9.9/firebase.js","packageURL":"https://www.gstatic.com/firebasejs/live/9.9/firebase.tgz"},"components":{"analytics":"https://www.gstatic.com/firebasejs/9.9.1/firebase-analytics.js","app":"https://www.gstatic.com/firebasejs/9.9.1/firebase-app.js","app-check":"https://www.gstatic.com/firebasejs/9.9.1/firebase-app-check.js","auth":"https://www.gstatic.com/firebasejs/9.9.1/firebase-auth.js","auth/cordova":"https://www.gstatic.com/firebasejs/9.9.1/firebase-auth/cordova.js","auth/react-native":"https://www.gstatic.com/firebasejs/9.9.1/firebase-auth/react-native.js","functions":"https://www.gstatic.com/firebasejs/9.9.1/firebase-functions.js","firestore":"https://www.gstatic.com/firebasejs/9.9.1/firebase-firestore.js","firestore/lite":"https://www.gstatic.com/firebasejs/9.9.1/firebase-firestore/lite.js","installations":"https://www.gstatic.com/firebasejs/9.9.1/firebase-installations.js","storage":"https://www.gstatic.com/firebasejs/9.9.1/firebase-storage.js","performance":"https://www.gstatic.com/firebasejs/9.9.1/firebase-performance.js","remote-config":"https://www.gstatic.com/firebasejs/9.9.1/firebase-remote-config.js","messaging":"https://www.gstatic.com/firebasejs/9.9.1/firebase-messaging.js","messaging/sw":"https://www.gstatic.com/firebasejs/9.9.1/firebase-messaging/sw.js","database":"https://www.gstatic.com/firebasejs/9.9.1/firebase-database.js","firestore.memory":"https://www.gstatic.com/firebasejs/9.9.1/firebase-firestore.memory.js"}}
[info] ✔  Wrote public/index.html 
[info] 
[info] i  Didn't detect a .git folder. Assuming /Users/yeliu/IC/Individual_Project/code/SATbot2.0-main2 is the project root. 
[info] i  Authorizing with GitHub to upload your service account to a GitHub repository's secrets store. 
[info] 
[info] Visit this URL on this device to log in:
[info] https://github.com/login/oauth/authorize?client_id=89cf50f02ac6aaed3484&state=933346761&redirect_uri=http%3A%2F%2Flocalhost%3A9005&scope=read%3Auser%20repo%20public_repo
[info] 
[info] Waiting for authentication...
[debug] [2022-08-03T14:34:40.630Z] >>> [apiv2][query] POST https://github.com/login/oauth/access_token [none]
[debug] [2022-08-03T14:34:40.631Z] >>> [apiv2][body] POST https://github.com/login/oauth/access_token [stream]
[debug] [2022-08-03T14:34:40.915Z] <<< [apiv2][status] POST https://github.com/login/oauth/access_token 200
[debug] [2022-08-03T14:34:40.915Z] <<< [apiv2][body] POST https://github.com/login/oauth/access_token {"access_token":"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","token_type":"bearer","scope":"read:user,repo"}
[debug] [2022-08-03T14:34:40.936Z] >>> [apiv2][query] GET https://api.github.com/user [none]
[debug] [2022-08-03T14:34:41.303Z] <<< [apiv2][status] GET https://api.github.com/user 200
[debug] [2022-08-03T14:34:41.303Z] <<< [apiv2][body] GET https://api.github.com/user {"login":"yeliu99","id":32191980,"node_id":"MDQ6VXNlcjMyMTkxOTgw","avatar_url":"https://avatars.githubusercontent.com/u/32191980?v=4","gravatar_id":"","url":"https://api.github.com/users/yeliu99","html_url":"https://github.com/yeliu99","followers_url":"https://api.github.com/users/yeliu99/followers","following_url":"https://api.github.com/users/yeliu99/following{/other_user}","gists_url":"https://api.github.com/users/yeliu99/gists{/gist_id}","starred_url":"https://api.github.com/users/yeliu99/starred{/owner}{/repo}","subscriptions_url":"https://api.github.com/users/yeliu99/subscriptions","organizations_url":"https://api.github.com/users/yeliu99/orgs","repos_url":"https://api.github.com/users/yeliu99/repos","events_url":"https://api.github.com/users/yeliu99/events{/privacy}","received_events_url":"https://api.github.com/users/yeliu99/received_events","type":"User","site_admin":false,"name":"yeliu","company":null,"blog":"","location":null,"email":null,"hireable":null,"bio":null,"twitter_username":null,"public_repos":4,"public_gists":0,"followers":5,"following":0,"created_at":"2017-09-22T08:19:41Z","updated_at":"2022-06-15T15:11:28Z","private_gists":0,"total_private_repos":1,"owned_private_repos":1,"disk_usage":5808,"collaborators":0,"two_factor_authentication":false,"plan":{"name":"free","space":976562499,"collaborators":0,"private_repos":10000}}
[info] 
[info] ✔  Success! Logged into GitHub as yeliu99 
[info] 
